<?xml version="1.0" encoding="UTF-8"?>
<robot generator="Robot 4.1.3 (Python 3.10.2 on win32)" generated="20220324 16:21:17.610" rpa="false" schemaversion="2">
<suite id="s1" name="Tests" source="C:\qaninja\robot\web\tests">
<suite id="s1-s1" name="Login Form" source="C:\qaninja\robot\web\tests\login_form.robot">
<test id="s1-s1-t1" name="Usuario nao existe">
<kw name="Nova sessão" library="base" type="SETUP">
<kw name="Open Browser" library="SeleniumLibrary">
<arg>${URL}</arg>
<arg>chrome</arg>
<doc>Opens a new browser instance to the optional ``url``.</doc>
<msg timestamp="20220324 16:21:17.889" level="INFO">Opening browser 'chrome' to base url 'https://training-wheels-protocol.herokuapp.com'.</msg>
<status status="PASS" starttime="20220324 16:21:17.889" endtime="20220324 16:21:21.103"/>
</kw>
<status status="PASS" starttime="20220324 16:21:17.888" endtime="20220324 16:21:21.103"/>
</kw>
<kw name="Go To" library="SeleniumLibrary">
<arg>${URl}/login</arg>
<doc>Navigates the current browser window to the provided ``url``.</doc>
<msg timestamp="20220324 16:21:21.104" level="INFO">Opening url 'https://training-wheels-protocol.herokuapp.com/login'</msg>
<status status="PASS" starttime="20220324 16:21:21.104" endtime="20220324 16:21:21.485"/>
</kw>
<kw name="Input Text" library="SeleniumLibrary">
<arg>css=input[name=username]</arg>
<arg>jorge</arg>
<doc>Types the given ``text`` into the text field identified by ``locator``.</doc>
<msg timestamp="20220324 16:21:21.485" level="INFO">Typing text 'jorge' into text field 'css=input[name=username]'.</msg>
<status status="PASS" starttime="20220324 16:21:21.485" endtime="20220324 16:21:21.552"/>
</kw>
<kw name="Input Text" library="SeleniumLibrary">
<arg>css=input[name=password]</arg>
<arg>abcs</arg>
<doc>Types the given ``text`` into the text field identified by ``locator``.</doc>
<msg timestamp="20220324 16:21:21.553" level="INFO">Typing text 'abcs' into text field 'css=input[name=password]'.</msg>
<status status="PASS" starttime="20220324 16:21:21.552" endtime="20220324 16:21:21.617"/>
</kw>
<kw name="Click Element" library="SeleniumLibrary">
<arg>class=btn-login</arg>
<doc>Click the element identified by ``locator``.</doc>
<msg timestamp="20220324 16:21:21.617" level="INFO">Clicking element 'class=btn-login'.</msg>
<status status="PASS" starttime="20220324 16:21:21.617" endtime="20220324 16:21:22.006"/>
</kw>
<kw name="Get WebElement" library="SeleniumLibrary">
<var>${menssagem}</var>
<arg>id=flash</arg>
<doc>Returns the first WebElement matching the given ``locator``.</doc>
<msg timestamp="20220324 16:21:22.016" level="INFO">${menssagem} = &lt;selenium.webdriver.remote.webelement.WebElement (session="a848b3a2056d44455cc48d6906cf7c6e", element="dbe2a42d-f18a-481b-997d-87e9d8861c85")&gt;</msg>
<status status="PASS" starttime="20220324 16:21:22.006" endtime="20220324 16:21:22.016"/>
</kw>
<kw name="Should Contain" library="BuiltIn">
<arg>${menssagem.text}</arg>
<arg>O usuário informado não está cadastrado!</arg>
<doc>Fails if ``container`` does not contain ``item`` one or more times.</doc>
<status status="PASS" starttime="20220324 16:21:22.016" endtime="20220324 16:21:22.028"/>
</kw>
<kw name="Encerrar sessão" library="base" type="TEARDOWN">
<kw name="Capture Page Screenshot" library="SeleniumLibrary">
<doc>Takes a screenshot of the current page and embeds it into a log file.</doc>
<msg timestamp="20220324 16:21:22.237" level="INFO" html="true">&lt;/td&gt;&lt;/tr&gt;&lt;tr&gt;&lt;td colspan="3"&gt;&lt;a href="selenium-screenshot-26.png"&gt;&lt;img src="selenium-screenshot-26.png" width="800px"&gt;&lt;/a&gt;</msg>
<status status="PASS" starttime="20220324 16:21:22.029" endtime="20220324 16:21:22.237"/>
</kw>
<kw name="Close Browser" library="SeleniumLibrary">
<doc>Closes the current browser.</doc>
<status status="PASS" starttime="20220324 16:21:22.237" endtime="20220324 16:21:24.343"/>
</kw>
<status status="PASS" starttime="20220324 16:21:22.028" endtime="20220324 16:21:24.344"/>
</kw>
<tag>erro_cadastro</tag>
<status status="PASS" starttime="20220324 16:21:17.888" endtime="20220324 16:21:24.344"/>
</test>
<status status="PASS" starttime="20220324 16:21:17.643" endtime="20220324 16:21:24.346"/>
</suite>
<status status="PASS" starttime="20220324 16:21:17.612" endtime="20220324 16:21:24.350"/>
</suite>
<statistics>
<total>
<stat pass="1" fail="0" skip="0">All Tests</stat>
</total>
<tag>
<stat pass="1" fail="0" skip="0">erro_cadastro</stat>
</tag>
<suite>
<stat pass="1" fail="0" skip="0" id="s1" name="Tests">Tests</stat>
<stat pass="1" fail="0" skip="0" id="s1-s1" name="Login Form">Tests.Login Form</stat>
</suite>
</statistics>
<errors>
</errors>
</robot>
