<?xml version="1.0" encoding="UTF-8"?>
<robot generator="Robot 4.1.3 (Python 3.10.2 on win32)" generated="20220323 16:07:10.454" rpa="false" schemaversion="2">
<suite id="s1" name="Checkbox" source="c:\qaninja\robot\web\checkbox.robot">
<test id="s1-t1" name="Marcando opção com ID">
<kw name="Nova sessão" type="SETUP">
<kw name="Open Browser" library="SeleniumLibrary">
<arg>${URL}</arg>
<arg>chrome</arg>
<doc>Opens a new browser instance to the optional ``url``.</doc>
<msg timestamp="20220323 16:07:10.720" level="INFO">Opening browser 'chrome' to base url 'https://training-wheels-protocol.herokuapp.com'.</msg>
<status status="PASS" starttime="20220323 16:07:10.720" endtime="20220323 16:07:14.535"/>
</kw>
<status status="PASS" starttime="20220323 16:07:10.719" endtime="20220323 16:07:14.535"/>
</kw>
<kw name="Go To" library="SeleniumLibrary">
<arg>${URL}/checkboxes</arg>
<doc>Navigates the current browser window to the provided ``url``.</doc>
<msg timestamp="20220323 16:07:14.536" level="INFO">Opening url 'https://training-wheels-protocol.herokuapp.com/checkboxes'</msg>
<status status="PASS" starttime="20220323 16:07:14.535" endtime="20220323 16:07:14.754"/>
</kw>
<kw name="Select Checkbox" library="SeleniumLibrary">
<arg>${THOR}</arg>
<doc>Selects the checkbox identified by ``locator``.</doc>
<msg timestamp="20220323 16:07:14.755" level="INFO">Selecting checkbox 'id=thor'.</msg>
<status status="PASS" starttime="20220323 16:07:14.754" endtime="20220323 16:07:14.824"/>
</kw>
<kw name="Checkbox Should Be Selected" library="SeleniumLibrary">
<arg>${THOR}</arg>
<doc>Verifies checkbox ``locator`` is selected/checked.</doc>
<msg timestamp="20220323 16:07:14.824" level="INFO">Verifying checkbox 'id=thor' is selected.</msg>
<status status="PASS" starttime="20220323 16:07:14.824" endtime="20220323 16:07:14.846"/>
</kw>
<kw name="Encerrar sessão" type="TEARDOWN">
<kw name="Close Browser" library="SeleniumLibrary">
<doc>Closes the current browser.</doc>
<status status="PASS" starttime="20220323 16:07:14.847" endtime="20220323 16:07:16.978"/>
</kw>
<status status="PASS" starttime="20220323 16:07:14.846" endtime="20220323 16:07:16.978"/>
</kw>
<status status="PASS" starttime="20220323 16:07:10.719" endtime="20220323 16:07:16.979"/>
</test>
<test id="s1-t2" name="Marcando opção com CSS seletor">
<kw name="Nova sessão" type="SETUP">
<kw name="Open Browser" library="SeleniumLibrary">
<arg>${URL}</arg>
<arg>chrome</arg>
<doc>Opens a new browser instance to the optional ``url``.</doc>
<msg timestamp="20220323 16:07:16.982" level="INFO">Opening browser 'chrome' to base url 'https://training-wheels-protocol.herokuapp.com'.</msg>
<status status="PASS" starttime="20220323 16:07:16.981" endtime="20220323 16:07:20.268"/>
</kw>
<status status="PASS" starttime="20220323 16:07:16.981" endtime="20220323 16:07:20.268"/>
</kw>
<kw name="Go To" library="SeleniumLibrary">
<arg>${URL}/checkboxes</arg>
<doc>Navigates the current browser window to the provided ``url``.</doc>
<msg timestamp="20220323 16:07:20.269" level="INFO">Opening url 'https://training-wheels-protocol.herokuapp.com/checkboxes'</msg>
<status status="PASS" starttime="20220323 16:07:20.269" endtime="20220323 16:07:20.489"/>
</kw>
<kw name="Select Checkbox" library="SeleniumLibrary">
<arg>${IRON_MAN}</arg>
<doc>Selects the checkbox identified by ``locator``.</doc>
<msg timestamp="20220323 16:07:20.490" level="INFO">Selecting checkbox 'css:input[value='iron-man']'.</msg>
<status status="PASS" starttime="20220323 16:07:20.490" endtime="20220323 16:07:20.558"/>
</kw>
<kw name="Checkbox Should Be Selected" library="SeleniumLibrary">
<arg>${IRON_MAN}</arg>
<doc>Verifies checkbox ``locator`` is selected/checked.</doc>
<msg timestamp="20220323 16:07:20.559" level="INFO">Verifying checkbox 'css:input[value='iron-man']' is selected.</msg>
<status status="PASS" starttime="20220323 16:07:20.558" endtime="20220323 16:07:20.580"/>
</kw>
<kw name="Encerrar sessão" type="TEARDOWN">
<kw name="Close Browser" library="SeleniumLibrary">
<doc>Closes the current browser.</doc>
<status status="PASS" starttime="20220323 16:07:20.581" endtime="20220323 16:07:22.697"/>
</kw>
<status status="PASS" starttime="20220323 16:07:20.581" endtime="20220323 16:07:22.698"/>
</kw>
<tag>iron man</tag>
<status status="PASS" starttime="20220323 16:07:16.980" endtime="20220323 16:07:22.698"/>
</test>
<test id="s1-t3" name="Marcando opção com Xpath">
<kw name="Nova sessão" type="SETUP">
<kw name="Open Browser" library="SeleniumLibrary">
<arg>${URL}</arg>
<arg>chrome</arg>
<doc>Opens a new browser instance to the optional ``url``.</doc>
<msg timestamp="20220323 16:07:22.701" level="INFO">Opening browser 'chrome' to base url 'https://training-wheels-protocol.herokuapp.com'.</msg>
<status status="PASS" starttime="20220323 16:07:22.701" endtime="20220323 16:07:25.934"/>
</kw>
<status status="PASS" starttime="20220323 16:07:22.701" endtime="20220323 16:07:25.934"/>
</kw>
<kw name="Go To" library="SeleniumLibrary">
<arg>${URL}/checkboxes</arg>
<doc>Navigates the current browser window to the provided ``url``.</doc>
<msg timestamp="20220323 16:07:25.935" level="INFO">Opening url 'https://training-wheels-protocol.herokuapp.com/checkboxes'</msg>
<status status="PASS" starttime="20220323 16:07:25.935" endtime="20220323 16:07:26.199"/>
</kw>
<kw name="Select Checkbox" library="SeleniumLibrary">
<arg>${PANTERA}</arg>
<doc>Selects the checkbox identified by ``locator``.</doc>
<msg timestamp="20220323 16:07:26.199" level="INFO">Selecting checkbox 'xpath=//*[@id='checkboxes']/input[7]'.</msg>
<status status="PASS" starttime="20220323 16:07:26.199" endtime="20220323 16:07:26.267"/>
</kw>
<kw name="Checkbox Should Be Selected" library="SeleniumLibrary">
<arg>${PANTERA}</arg>
<doc>Verifies checkbox ``locator`` is selected/checked.</doc>
<msg timestamp="20220323 16:07:26.268" level="INFO">Verifying checkbox 'xpath=//*[@id='checkboxes']/input[7]' is selected.</msg>
<status status="PASS" starttime="20220323 16:07:26.267" endtime="20220323 16:07:26.289"/>
</kw>
<kw name="Encerrar sessão" type="TEARDOWN">
<kw name="Close Browser" library="SeleniumLibrary">
<doc>Closes the current browser.</doc>
<status status="PASS" starttime="20220323 16:07:26.290" endtime="20220323 16:07:28.419"/>
</kw>
<status status="PASS" starttime="20220323 16:07:26.290" endtime="20220323 16:07:28.419"/>
</kw>
<tag>pantera</tag>
<status status="PASS" starttime="20220323 16:07:22.700" endtime="20220323 16:07:28.420"/>
</test>
<status status="PASS" starttime="20220323 16:07:10.456" endtime="20220323 16:07:28.422"/>
</suite>
<statistics>
<total>
<stat pass="3" fail="0" skip="0">All Tests</stat>
</total>
<tag>
<stat pass="1" fail="0" skip="0">iron man</stat>
<stat pass="1" fail="0" skip="0">pantera</stat>
</tag>
<suite>
<stat pass="3" fail="0" skip="0" id="s1" name="Checkbox">Checkbox</stat>
</suite>
</statistics>
<errors>
</errors>
</robot>
