<?xml version="1.0" encoding="UTF-8"?>
<robot generator="Robot 4.1.3 (Python 3.10.2 on win32)" generated="20220323 15:23:25.793" rpa="false" schemaversion="2">
<suite id="s1" name="Test" source="c:\qaninja\robot\test.robot">
<test id="s1-t1" name="Deve retornar a mensagem de boas vindas">
<kw name="Welcome" library="app">
<var>${result}</var>
<arg>Wesley</arg>
<msg timestamp="20220323 15:23:25.836" level="INFO">${result} = Olá Wesley, Bem vindo ao curso básico de robotframework</msg>
<status status="PASS" starttime="20220323 15:23:25.836" endtime="20220323 15:23:25.836"/>
</kw>
<kw name="Log To Console" library="BuiltIn">
<arg>${result}</arg>
<doc>Logs the given message to the console.</doc>
<status status="PASS" starttime="20220323 15:23:25.837" endtime="20220323 15:23:25.837"/>
</kw>
<kw name="Should Be Equal" library="BuiltIn">
<arg>${result}</arg>
<arg>Olá Wesley, Bem vindo ao curso básico de robotframework</arg>
<doc>Fails if the given objects are unequal.</doc>
<status status="PASS" starttime="20220323 15:23:25.838" endtime="20220323 15:23:25.838"/>
</kw>
<status status="PASS" starttime="20220323 15:23:25.836" endtime="20220323 15:23:25.838"/>
</test>
<status status="PASS" starttime="20220323 15:23:25.795" endtime="20220323 15:23:25.840"/>
</suite>
<statistics>
<total>
<stat pass="1" fail="0" skip="0">All Tests</stat>
</total>
<tag>
</tag>
<suite>
<stat pass="1" fail="0" skip="0" id="s1" name="Test">Test</stat>
</suite>
</statistics>
<errors>
</errors>
</robot>
